<?xml version="1.0" ?><testsuite name="UNKNOWN" time="0.051" timestamp="2022-04-10T16:14:37" tests="0" failures="0" skipped="0" aborted="0"><properties><property name="java.vendor" value="Azul Systems, Inc."></property><property name="env.IDEA_INITIAL_DIRECTORY" value="C:\Program Files\JetBrains\IntelliJ IDEA 2021.3.3\bin"></property><property name="env.USERDOMAIN_ROAMINGPROFILE" value="LAPTOP-G5QNMU0F"></property><property name="sun.java.launcher" value="SUN_STANDARD"></property><property name="sun.management.compiler" value="HotSpot 64-Bit Tiered Compilers"></property><property name="env.PROMPT" value="$P$G"></property><property name="env.DriverData" value="C:\Windows\System32\Drivers\DriverData"></property><property name="os.name" value="Windows 10"></property><property name="sun.boot.class.path" value="C:\SWE4_Uebung\zulu8.60.0.21-ca-fx-jdk8.0.322-win_x64\jre\lib\resources.jar;C:\SWE4_Uebung\zulu8.60.0.21-ca-fx-jdk8.0.322-win_x64\jre\lib\rt.jar;C:\SWE4_Uebung\zulu8.60.0.21-ca-fx-jdk8.0.322-win_x64\jre\lib\sunrsasign.jar;C:\SWE4_Uebung\zulu8.60.0.21-ca-fx-jdk8.0.322-win_x64\jre\lib\jsse.jar;C:\SWE4_Uebung\zulu8.60.0.21-ca-fx-jdk8.0.322-win_x64\jre\lib\jce.jar;C:\SWE4_Uebung\zulu8.60.0.21-ca-fx-jdk8.0.322-win_x64\jre\lib\charsets.jar;C:\SWE4_Uebung\zulu8.60.0.21-ca-fx-jdk8.0.322-win_x64\jre\lib\jfr.jar;C:\SWE4_Uebung\zulu8.60.0.21-ca-fx-jdk8.0.322-win_x64\jre\lib\cat.jar;C:\SWE4_Uebung\zulu8.60.0.21-ca-fx-jdk8.0.322-win_x64\jre\classes"></property><property name="env.COMPUTERNAME" value="LAPTOP-G5QNMU0F"></property><property name="env.CommonProgramW6432" value="C:\Program Files\Common Files"></property><property name="env.ALLUSERSPROFILE" value="C:\ProgramData"></property><property name="sun.desktop" value="windows"></property><property name="java.vm.specification.vendor" value="Oracle Corporation"></property><property name="ant.home" value="C:\SWE4_Uebung\apache-ant-1.10.12"></property><property name="java.runtime.version" value="1.8.0_322-b06"></property><property name="ANT_HOME" value="C:\SWE4_Uebung\apache-ant-1.10.12"></property><property name="env.HOMEPATH" value="\Users\roman"></property><property name="user.name" value="roman"></property><property name="user.language" value="de"></property><property name="env.OneDriveCommercial" value="C:\Users\roman\OneDrive - FH OOe"></property><property name="sun.boot.library.path" value="C:\SWE4_Uebung\zulu8.60.0.21-ca-fx-jdk8.0.322-win_x64\jre\bin"></property><property name="ant.project.default-target" value="junit"></property><property name="ant.project.name" value="hue3"></property><property name="java.version" value="1.8.0_322"></property><property name="env.PROCESSOR_IDENTIFIER" value="Intel64 Family 6 Model 142 Stepping 12, GenuineIntel"></property><property name="user.timezone" value=""></property><property name="env.TEMP" value="C:\Users\roman\AppData\Local\Temp"></property><property name="sun.arch.data.model" value="64"></property><property name="java.endorsed.dirs" value="C:\SWE4_Uebung\zulu8.60.0.21-ca-fx-jdk8.0.322-win_x64\jre\lib\endorsed"></property><property name="env._JAVACMD" value="C:\SWE4_Uebung\zulu8.60.0.21-ca-fx-jdk8.0.322-win_x64\bin\java.exe"></property><property name="sun.cpu.isalist" value="amd64"></property><property name="env.HOMEDRIVE" value="C:"></property><property name="sun.jnu.encoding" value="Cp1252"></property><property name="file.encoding.pkg" value="sun.io"></property><property name="file.separator" value="\"></property><property name="java.specification.name" value="Java Platform API Specification"></property><property name="java.class.version" value="52.0"></property><property name="user.country" value="AT"></property><property name="program.jar" value="Heap.jar"></property><property name="java.home" value="C:\SWE4_Uebung\zulu8.60.0.21-ca-fx-jdk8.0.322-win_x64\jre"></property><property name="env.PSModulePath" value="C:\Users\roman\OneDrive\Dokumente\WindowsPowerShell\Modules;C:\Program Files\WindowsPowerShell\Modules;C:\WINDOWS\system32\WindowsPowerShell\v1.0\Modules"></property><property name="env.APPDATA" value="C:\Users\roman\AppData\Roaming"></property><property name="env.PUBLIC" value="C:\Users\Public"></property><property name="java.vm.info" value="mixed mode"></property><property name="env.ComSpec" value="C:\WINDOWS\system32\cmd.exe"></property><property name="env.OS" value="Windows_NT"></property><property name="env.CommonProgramFiles" value="C:\Program Files\Common Files"></property><property name="ant.file" value="C:\Users\roman\OneDrive - FH OOe\SWE_Softwareentwicklung mit modernen Plattformen\Hausuebung\hue3\prioritaetswarteschlange\build.xml"></property><property name="os.version" value="10.0"></property><property name="env.ProgramW6432" value="C:\Program Files"></property><property name="env._USE_CLASSPATH" value="no"></property><property name="env.=::" value="::\"></property><property name="env.WSLENV" value="CAROOT/up:"></property><property name="path.separator" value=";"></property><property name="java.vm.version" value="25.322-b06"></property><property name="env.ZES_ENABLE_SYSMAN" value="1"></property><property name="user.variant" value=""></property><property name="env.USERPROFILE" value="C:\Users\roman"></property><property name="ant.library.dir" value="C:\SWE4_Uebung\apache-ant-1.10.12\lib"></property><property name="env.CAROOT" value="C:\Users\roman\AppData\Local\mkcert"></property><property name="env.JAVA_HOME" value="C:\SWE4_Uebung\zulu8.60.0.21-ca-fx-jdk8.0.322-win_x64"></property><property name="java.awt.printerjob" value="sun.awt.windows.WPrinterJob"></property><property name="env.TMP" value="C:\Users\roman\AppData\Local\Temp"></property><property name="sun.io.unicode.encoding" value="UnicodeLittle"></property><property name="awt.toolkit" value="sun.awt.windows.WToolkit"></property><property name="sun.stdout.encoding" value="cp850"></property><property name="user.script" value=""></property><property name="ant.file.hue3" value="C:\Users\roman\OneDrive - FH OOe\SWE_Softwareentwicklung mit modernen Plattformen\Hausuebung\hue3\prioritaetswarteschlange\build.xml"></property><property name="main.class" value="swe4hue.DHeapQueue"></property><property name="user.home" value="C:\Users\roman"></property><property name="env.ProgramData" value="C:\ProgramData"></property><property name="env.ProgramFiles(x86)" value="C:\Program Files (x86)"></property><property name="env.SESSIONNAME" value="Console"></property><property name="ant.file.type.hue3" value="file"></property><property name="java.specification.vendor" value="Oracle Corporation"></property><property name="test.dir" value="test"></property><property name="java.vendor.url" value="http://www.azul.com/"></property><property name="env.NUMBER_OF_PROCESSORS" value="8"></property><property name="java.library.path" value="C:\SWE4_Uebung\zulu8.60.0.21-ca-fx-jdk8.0.322-win_x64\bin;C:\WINDOWS\Sun\Java\bin;C:\WINDOWS\system32;C:\WINDOWS;C:\Program Files (x86)\Common Files\Oracle\Java\javapath;C:\WINDOWS\system32;C:\WINDOWS;C:\WINDOWS\System32\Wbem;C:\WINDOWS\System32\WindowsPowerShell\v1.0\;C:\WINDOWS\System32\OpenSSH\;C:\FPC\3.2.0\bin\i386-Win32;C:\Program Files\PuTTY\;C:\Program Files\Docker\Docker\resources\bin;C:\ProgramData\DockerDesktop\version-bin;C:\Program Files\nodejs\;C:\Program Files\Git\cmd;C:\Program Files\TortoiseSVN\bin;C:\Program Files\dotnet\;C:\ProgramData\chocolatey\bin;C:\Users\roman\AppData\Local\Microsoft\WindowsApps;C:\Users\roman\AppData\Local\Programs\Microsoft VS Code\bin;C:\Users\roman\AppData\Local\GitHubDesktop\bin;C:\Users\roman\AppData\Roaming\npm;C:\Users\roman\.dotnet\tools;C:\SWE4_Uebung\zulu8.60.0.21-ca-fx-jdk8.0.322-win_x64\bin;C:\SWE4_Uebung\apache-ant-1.10.12\bin;;."></property><property name="env.ChocolateyLastPathUpdate" value="132925382265753274"></property><property name="bin.dir" value="bin"></property><property name="java.vm.vendor" value="Azul Systems, Inc."></property><property name="java.runtime.name" value="OpenJDK Runtime Environment"></property><property name="ant.version" value="Apache Ant(TM) version 1.10.12 compiled on October 13 2021"></property><property name="java.class.path" value="C:\SWE4_Uebung\apache-ant-1.10.12\lib\ant-launcher.jar;C:\SWE4_Uebung\apache-ant-1.10.12\lib\ant-antlr.jar;C:\SWE4_Uebung\apache-ant-1.10.12\lib\ant-apache-bcel.jar;C:\SWE4_Uebung\apache-ant-1.10.12\lib\ant-apache-bsf.jar;C:\SWE4_Uebung\apache-ant-1.10.12\lib\ant-apache-log4j.jar;C:\SWE4_Uebung\apache-ant-1.10.12\lib\ant-apache-oro.jar;C:\SWE4_Uebung\apache-ant-1.10.12\lib\ant-apache-regexp.jar;C:\SWE4_Uebung\apache-ant-1.10.12\lib\ant-apache-resolver.jar;C:\SWE4_Uebung\apache-ant-1.10.12\lib\ant-apache-xalan2.jar;C:\SWE4_Uebung\apache-ant-1.10.12\lib\ant-commons-logging.jar;C:\SWE4_Uebung\apache-ant-1.10.12\lib\ant-commons-net.jar;C:\SWE4_Uebung\apache-ant-1.10.12\lib\ant-imageio.jar;C:\SWE4_Uebung\apache-ant-1.10.12\lib\ant-jai.jar;C:\SWE4_Uebung\apache-ant-1.10.12\lib\ant-javamail.jar;C:\SWE4_Uebung\apache-ant-1.10.12\lib\ant-jdepend.jar;C:\SWE4_Uebung\apache-ant-1.10.12\lib\ant-jmf.jar;C:\SWE4_Uebung\apache-ant-1.10.12\lib\ant-jsch.jar;C:\SWE4_Uebung\apache-ant-1.10.12\lib\ant-junit.jar;C:\SWE4_Uebung\apache-ant-1.10.12\lib\ant-junit4.jar;C:\SWE4_Uebung\apache-ant-1.10.12\lib\ant-junitlauncher.jar;C:\SWE4_Uebung\apache-ant-1.10.12\lib\ant-launcher.jar;C:\SWE4_Uebung\apache-ant-1.10.12\lib\ant-netrexx.jar;C:\SWE4_Uebung\apache-ant-1.10.12\lib\ant-swing.jar;C:\SWE4_Uebung\apache-ant-1.10.12\lib\ant-testutil.jar;C:\SWE4_Uebung\apache-ant-1.10.12\lib\ant-xz.jar;C:\SWE4_Uebung\apache-ant-1.10.12\lib\ant.jar;C:\SWE4_Uebung\zulu8.60.0.21-ca-fx-jdk8.0.322-win_x64\lib\tools.jar"></property><property name="sun.java.command" value="org.apache.tools.ant.launch.Launcher junit"></property><property name="env.TERM_SESSION_ID" value="d6bc2e8f-62da-4f68-a688-bb789328b45a"></property><property name="java.vm.specification.name" value="Java Virtual Machine Specification"></property><property name="ant.file.type" value="file"></property><property name="env.LOGONSERVER" value="\\LAPTOP-G5QNMU0F"></property><property name="env.windir" value="C:\WINDOWS"></property><property name="env.PROCESSOR_ARCHITECTURE" value="AMD64"></property><property name="java.vm.specification.version" value="1.8"></property><property name="sun.cpu.endian" value="little"></property><property name="sun.os.patch.level" value=""></property><property name="env.OneDrive" value="C:\Users\roman\OneDrive - FH OOe"></property><property name="env.ProgramFiles" value="C:\Program Files"></property><property name="env.ANT_HOME" value="C:\SWE4_Uebung\apache-ant-1.10.12"></property><property name="env.PROCESSOR_REVISION" value="8e0c"></property><property name="java.io.tmpdir" value="C:\Users\roman\AppData\Local\Temp\"></property><property name="env.CommonProgramFiles(x86)" value="C:\Program Files (x86)\Common Files"></property><property name="java.vendor.url.bug" value="http://www.azul.com/support/"></property><property name="env.SystemRoot" value="C:\WINDOWS"></property><property name="env.ChocolateyInstall" value="C:\ProgramData\chocolatey"></property><property name="env.__INTELLIJ_COMMAND_HISTFILE__" value="C:\Users\roman\AppData\Local\JetBrains\IntelliJIdea2021.3\terminal\history\exercise3-history1"></property><property name="java.awt.graphicsenv" value="sun.awt.Win32GraphicsEnvironment"></property><property name="env.ANT_CMD_LINE_ARGS" value=" junit"></property><property name="os.arch" value="amd64"></property><property name="java.ext.dirs" value="C:\SWE4_Uebung\zulu8.60.0.21-ca-fx-jdk8.0.322-win_x64\jre\lib\ext;C:\WINDOWS\Sun\Java\lib\ext"></property><property name="user.dir" value="C:\Users\roman\OneDrive - FH OOe\SWE_Softwareentwicklung mit modernen Plattformen\Hausuebung\hue3\prioritaetswarteschlange"></property><property name="env.LOCALAPPDATA" value="C:\Users\roman\AppData\Local"></property><property name="line.separator" value="
"></property><property name="java.vm.name" value="OpenJDK 64-Bit Server VM"></property><property name="env.PATHEXT" value=".COM;.EXE;.BAT;.CMD;.VBS;.VBE;.JS;.JSE;.WSF;.WSH;.MSC;.CPL"></property><property name="env.Path" value="C:\Program Files (x86)\Common Files\Oracle\Java\javapath;C:\WINDOWS\system32;C:\WINDOWS;C:\WINDOWS\System32\Wbem;C:\WINDOWS\System32\WindowsPowerShell\v1.0\;C:\WINDOWS\System32\OpenSSH\;C:\FPC\3.2.0\bin\i386-Win32;C:\Program Files\PuTTY\;C:\Program Files\Docker\Docker\resources\bin;C:\ProgramData\DockerDesktop\version-bin;C:\Program Files\nodejs\;C:\Program Files\Git\cmd;C:\Program Files\TortoiseSVN\bin;C:\Program Files\dotnet\;C:\ProgramData\chocolatey\bin;C:\Users\roman\AppData\Local\Microsoft\WindowsApps;C:\Users\roman\AppData\Local\Programs\Microsoft VS Code\bin;C:\Users\roman\AppData\Local\GitHubDesktop\bin;C:\Users\roman\AppData\Roaming\npm;C:\Users\roman\.dotnet\tools;C:\SWE4_Uebung\zulu8.60.0.21-ca-fx-jdk8.0.322-win_x64\bin;C:\SWE4_Uebung\apache-ant-1.10.12\bin;"></property><property name="jdk.vendor.version" value="Zulu 8.60.0.21-CA-win64"></property><property name="basedir" value="C:\Users\roman\OneDrive - FH OOe\SWE_Softwareentwicklung mit modernen Plattformen\Hausuebung\hue3\prioritaetswarteschlange"></property><property name="ant.java.version" value="1.8"></property><property name="ant.core.lib" value="C:\SWE4_Uebung\apache-ant-1.10.12\lib\ant.jar"></property><property name="env.TERMINAL_EMULATOR" value="JetBrains-JediTerm"></property><property name="env.USERNAME" value="roman"></property><property name="env.SystemDrive" value="C:"></property><property name="sun.stderr.encoding" value="cp850"></property><property name="file.encoding" value="Cp1252"></property><property name="env.USERDOMAIN" value="LAPTOP-G5QNMU0F"></property><property name="java.specification.version" value="1.8"></property><property name="env.=C:" value="C:\Users\roman\OneDrive - FH OOe\SWE_Softwareentwicklung mit modernen Plattformen\Hausuebung\hue3\prioritaetswarteschlange"></property><property name="src.dir" value="src"></property><property name="ant.project.invoked-targets" value="junit"></property><property name="env.VBOX_MSI_INSTALL_PATH" value="C:\Program Files\Oracle\VirtualBox\"></property><property name="env.PROCESSOR_LEVEL" value="6"></property></properties></testsuite>